[23:28:34] [Application] Démarrage du bot
[23:28:34] [Discord] Initialisation...
[23:28:35] [Discord] Initialisation terminée
[23:28:36] [CommandManager] Commande "/card" trouvée
[23:28:36] [CommandManager] Commande "/forcerefresh" trouvée
[23:28:36] [CommandManager] Commande "/ld" trouvée
[23:28:36] [CommandManager] Commande "/link" trouvée
[23:28:36] [CommandManager] Commande "/locateworld" trouvée
[23:28:36] [CommandManager] Commande "/me" trouvée
[23:28:36] [CommandManager] Commande "/setprofile" trouvée
[23:28:36] [CommandManager] Commande "/top" trouvée
[23:28:36] [CommandManager] Commande "/unlink" trouvée
[23:28:36] [CommandManager] Actualisation des commandes (/) de l'application
[23:28:36] [CommandManager] Fin de l'actualisation des commandes (/) de l'application
[23:28:36] [Application] Le bot est prêt !
[23:30:02] [Application] Démarrage du bot
[23:30:02] [Discord] Initialisation...
[23:30:03] [Discord] Initialisation terminée
[23:30:03] [CommandManager] Commande "/card" trouvée
[23:30:03] [CommandManager] Commande "/forcerefresh" trouvée
[23:30:03] [CommandManager] Commande "/ld" trouvée
[23:30:03] [CommandManager] Commande "/link" trouvée
[23:30:03] [CommandManager] Commande "/locateworld" trouvée
[23:30:03] [CommandManager] Commande "/me" trouvée
[23:30:03] [CommandManager] Commande "/setprofile" trouvée
[23:30:03] [CommandManager] Commande "/top" trouvée
[23:30:03] [CommandManager] Commande "/unlink" trouvée
[23:30:03] [CommandManager] Actualisation des commandes (/) de l'application
[23:30:03] [CommandManager] Fin de l'actualisation des commandes (/) de l'application
[23:30:03] [Application] Le bot est prêt !
[23:30:26] [CommandManager] Hei5enberg#2119 a exécuté la commande "/link"
[23:30:26] [ScoreSaber] Envoi de la requête "https://new.scoresaber.com/api/player/76561198125542519/full"
[23:30:26] [ScoreSaber] Requête envoyée avec succès
[23:30:26] [CommandManager] [ERROR] L'exécution de la commande "/link" a échoué : Ce profil ScoreSaber est déjà relié à un compte Discord
[23:30:50] [CommandManager] Hei5enberg#2119 a exécuté la commande "/link"
[23:30:50] [ScoreSaber] Envoi de la requête "https://new.scoresaber.com/api/player/76561198125542519/full"
[23:30:50] [ScoreSaber] Requête envoyée avec succès
[23:30:57] [CommandManager] Hei5enberg#2119 a exécuté la commande "/me"
[23:30:57] [ScoreSaber] Envoi de la requête "https://new.scoresaber.com/api/player/76561198125542519/full"
[23:30:57] [ScoreSaber] Requête envoyée avec succès
[23:30:57] [ScoreSaber] Envoi de la requête "https://new.scoresaber.com/api/player/76561198125542519/scores/top/1"
[23:30:58] [ScoreSaber] Requête envoyée avec succès
[23:32:58] [CommandManager] Hei5enberg#2119 a exécuté la commande "/setprofile"
[23:32:58] [ScoreSaber] Envoi de la requête "https://new.scoresaber.com/api/player/76561198073345392/full"
[23:32:59] [ScoreSaber] Requête envoyée avec succès
[23:33:09] [CommandManager] Hei5enberg#2119 a exécuté la commande "/me"
[23:33:10] [ScoreSaber] Envoi de la requête "https://new.scoresaber.com/api/player/76561198073345392/full"
[23:33:10] [ScoreSaber] Requête envoyée avec succès
[23:33:10] [ScoreSaber] Envoi de la requête "https://new.scoresaber.com/api/player/76561198073345392/scores/top/1"
[23:33:10] [ScoreSaber] Requête envoyée avec succès
[23:33:32] [CommandManager] Hei5enberg#2119 a exécuté la commande "/ld"
[23:33:40] [CommandManager] Hei5enberg#2119 a exécuté la commande "/card"
[23:33:40] [ScoreSaber] Envoi de la requête "https://new.scoresaber.com/api/player/76561198125542519/full"
[23:33:40] [ScoreSaber] Requête envoyée avec succès
[23:33:40] [ScoreSaber] Envoi de la requête "https://new.scoresaber.com/api/player/76561198125542519/scores/top/1"
[23:33:40] [ScoreSaber] Requête envoyée avec succès
[23:37:19] [CommandManager] Hei5enberg#2119 a exécuté la commande "/me"
[23:37:19] [ScoreSaber] Envoi de la requête "https://new.scoresaber.com/api/player/76561198125542519/full"
[23:37:19] [ScoreSaber] Requête envoyée avec succès
[23:37:19] [ScoreSaber] Envoi de la requête "https://new.scoresaber.com/api/player/76561198125542519/scores/top/1"
[23:37:19] [ScoreSaber] Requête envoyée avec succès
[23:38:15] [Application] Démarrage du bot
[23:38:15] [Discord] Initialisation...
[23:38:16] [Discord] Initialisation terminée
[23:38:16] [CommandManager] Commande "/card" trouvée
[23:38:16] [CommandManager] Commande "/forcerefresh" trouvée
[23:38:16] [CommandManager] Commande "/ld" trouvée
[23:38:16] [CommandManager] Commande "/link" trouvée
[23:38:16] [CommandManager] Commande "/locateworld" trouvée
[23:38:16] [CommandManager] Commande "/me" trouvée
[23:38:16] [CommandManager] Commande "/setprofile" trouvée
[23:38:16] [CommandManager] Commande "/top" trouvée
[23:38:16] [CommandManager] Commande "/unlink" trouvée
[23:38:16] [CommandManager] Actualisation des commandes (/) de l'application
[23:38:16] [CommandManager] Fin de l'actualisation des commandes (/) de l'application
[23:38:16] [Application] Le bot est prêt !
[23:38:18] [CommandManager] Hei5enberg#2119 a exécuté la commande "/me"
[23:38:19] [ScoreSaber] Envoi de la requête "https://new.scoresaber.com/api/player/76561198125542519/full"
[23:38:19] [ScoreSaber] Requête envoyée avec succès
[23:38:19] [ScoreSaber] Envoi de la requête "https://new.scoresaber.com/api/player/76561198125542519/scores/top/1"
[23:38:19] [ScoreSaber] Requête envoyée avec succès
[23:38:33] [Application] Démarrage du bot
[23:38:33] [Discord] Initialisation...
[23:38:34] [Discord] Initialisation terminée
[23:38:34] [CommandManager] Commande "/card" trouvée
[23:38:34] [CommandManager] Commande "/forcerefresh" trouvée
[23:38:34] [CommandManager] Commande "/ld" trouvée
[23:38:34] [CommandManager] Commande "/link" trouvée
[23:38:34] [CommandManager] Commande "/locateworld" trouvée
[23:38:34] [CommandManager] Commande "/me" trouvée
[23:38:34] [CommandManager] Commande "/setprofile" trouvée
[23:38:34] [CommandManager] Commande "/top" trouvée
[23:38:34] [CommandManager] Commande "/unlink" trouvée
[23:38:34] [CommandManager] Actualisation des commandes (/) de l'application
[23:38:35] [CommandManager] Fin de l'actualisation des commandes (/) de l'application
[23:38:35] [Application] Le bot est prêt !
[23:38:41] [CommandManager] Hei5enberg#2119 a exécuté la commande "/me"
[23:38:41] [ScoreSaber] Envoi de la requête "https://new.scoresaber.com/api/player/76561198125542519/full"
[23:38:41] [ScoreSaber] Requête envoyée avec succès
[23:38:41] [ScoreSaber] Envoi de la requête "https://new.scoresaber.com/api/player/76561198125542519/scores/top/1"
[23:38:42] [ScoreSaber] Requête envoyée avec succès
[23:38:58] [Application] Démarrage du bot
[23:38:58] [Discord] Initialisation...
[23:38:59] [Discord] Initialisation terminée
[23:38:59] [CommandManager] Commande "/card" trouvée
[23:38:59] [CommandManager] Commande "/forcerefresh" trouvée
[23:38:59] [CommandManager] Commande "/ld" trouvée
[23:38:59] [CommandManager] Commande "/link" trouvée
[23:38:59] [CommandManager] Commande "/locateworld" trouvée
[23:38:59] [CommandManager] Commande "/me" trouvée
[23:38:59] [CommandManager] Commande "/setprofile" trouvée
[23:38:59] [CommandManager] Commande "/top" trouvée
[23:38:59] [CommandManager] Commande "/unlink" trouvée
[23:38:59] [CommandManager] Actualisation des commandes (/) de l'application
[23:39:17] [CommandManager] Fin de l'actualisation des commandes (/) de l'application
[23:39:17] [Application] Le bot est prêt !
[23:39:21] [CommandManager] Hei5enberg#2119 a exécuté la commande "/me"
[23:39:22] [ScoreSaber] Envoi de la requête "https://new.scoresaber.com/api/player/76561198125542519/full"
[23:39:22] [ScoreSaber] Requête envoyée avec succès
[23:39:22] [ScoreSaber] Envoi de la requête "https://new.scoresaber.com/api/player/76561198125542519/scores/top/1"
[23:39:22] [ScoreSaber] Requête envoyée avec succès
[23:39:38] [CommandManager] Hei5enberg#2119 a exécuté la commande "/me"
[23:39:38] [ScoreSaber] Envoi de la requête "https://new.scoresaber.com/api/player/76561198073345392/full"
[23:39:39] [ScoreSaber] Requête envoyée avec succès
[23:39:39] [ScoreSaber] Envoi de la requête "https://new.scoresaber.com/api/player/76561198073345392/scores/top/1"
[23:39:39] [ScoreSaber] Requête envoyée avec succès
[23:40:19] [Application] Démarrage du bot
[23:40:19] [Discord] Initialisation...
[23:40:21] [Discord] Initialisation terminée
[23:40:21] [CommandManager] Commande "/card" trouvée
[23:40:21] [CommandManager] Commande "/forcerefresh" trouvée
[23:40:21] [CommandManager] Commande "/ld" trouvée
[23:40:21] [CommandManager] Commande "/link" trouvée
[23:40:21] [CommandManager] Commande "/locateworld" trouvée
[23:40:21] [CommandManager] Commande "/me" trouvée
[23:40:21] [CommandManager] Commande "/setprofile" trouvée
[23:40:21] [CommandManager] Commande "/top" trouvée
[23:40:21] [CommandManager] Commande "/unlink" trouvée
[23:40:21] [CommandManager] Actualisation des commandes (/) de l'application
[23:40:21] [CommandManager] Fin de l'actualisation des commandes (/) de l'application
[23:40:21] [Application] Le bot est prêt !
[23:40:23] [CommandManager] Hei5enberg#2119 a exécuté la commande "/me"
[23:40:23] [ScoreSaber] Envoi de la requête "https://new.scoresaber.com/api/player/76561198125542519/full"
[23:40:24] [ScoreSaber] Requête envoyée avec succès
[23:40:24] [ScoreSaber] Envoi de la requête "https://new.scoresaber.com/api/player/76561198125542519/scores/top/1"
[23:40:24] [ScoreSaber] Requête envoyée avec succès
[23:40:54] [Application] Démarrage du bot
[23:40:54] [Discord] Initialisation...
[23:40:55] [Discord] Initialisation terminée
[23:40:55] [CommandManager] Commande "/card" trouvée
[23:40:55] [CommandManager] Commande "/forcerefresh" trouvée
[23:40:55] [CommandManager] Commande "/ld" trouvée
[23:40:55] [CommandManager] Commande "/link" trouvée
[23:40:55] [CommandManager] Commande "/locateworld" trouvée
[23:40:55] [CommandManager] Commande "/me" trouvée
[23:40:55] [CommandManager] Commande "/setprofile" trouvée
[23:40:55] [CommandManager] Commande "/top" trouvée
[23:40:55] [CommandManager] Commande "/unlink" trouvée
[23:40:55] [CommandManager] Actualisation des commandes (/) de l'application
[23:40:55] [CommandManager] Fin de l'actualisation des commandes (/) de l'application
[23:40:55] [Application] Le bot est prêt !
[23:40:56] [CommandManager] Hei5enberg#2119 a exécuté la commande "/me"
[23:40:56] [ScoreSaber] Envoi de la requête "https://new.scoresaber.com/api/player/76561198125542519/full"
[23:40:57] [ScoreSaber] Requête envoyée avec succès
[23:40:57] [ScoreSaber] Envoi de la requête "https://new.scoresaber.com/api/player/76561198125542519/scores/top/1"
[23:40:57] [ScoreSaber] Requête envoyée avec succès
[23:42:02] [Application] Démarrage du bot
[23:42:02] [Discord] Initialisation...
[23:42:03] [Discord] Initialisation terminée
[23:42:03] [CommandManager] Commande "/card" trouvée
[23:42:03] [CommandManager] Commande "/forcerefresh" trouvée
[23:42:03] [CommandManager] Commande "/ld" trouvée
[23:42:03] [CommandManager] Commande "/link" trouvée
[23:42:03] [CommandManager] Commande "/locateworld" trouvée
[23:42:03] [CommandManager] Commande "/me" trouvée
[23:42:03] [CommandManager] Commande "/setprofile" trouvée
[23:42:03] [CommandManager] Commande "/top" trouvée
[23:42:03] [CommandManager] Commande "/unlink" trouvée
[23:42:03] [CommandManager] Actualisation des commandes (/) de l'application
[23:42:03] [CommandManager] Fin de l'actualisation des commandes (/) de l'application
[23:42:03] [Application] Le bot est prêt !
[23:42:05] [CommandManager] Hei5enberg#2119 a exécuté la commande "/me"
[23:42:05] [ScoreSaber] Envoi de la requête "https://new.scoresaber.com/api/player/76561198125542519/full"
[23:42:06] [ScoreSaber] Requête envoyée avec succès
[23:42:06] [ScoreSaber] Envoi de la requête "https://new.scoresaber.com/api/player/76561198125542519/scores/top/1"
[23:42:06] [ScoreSaber] Requête envoyée avec succès
[23:43:04] [Application] Démarrage du bot
[23:43:04] [Discord] Initialisation...
[23:43:06] [Discord] Initialisation terminée
[23:43:06] [CommandManager] Commande "/card" trouvée
[23:43:06] [CommandManager] Commande "/forcerefresh" trouvée
[23:43:06] [CommandManager] Commande "/ld" trouvée
[23:43:06] [CommandManager] Commande "/link" trouvée
[23:43:06] [CommandManager] Commande "/locateworld" trouvée
[23:43:06] [CommandManager] Commande "/me" trouvée
[23:43:06] [CommandManager] Commande "/setprofile" trouvée
[23:43:06] [CommandManager] Commande "/top" trouvée
[23:43:06] [CommandManager] Commande "/unlink" trouvée
[23:43:06] [CommandManager] Actualisation des commandes (/) de l'application
[23:43:06] [CommandManager] Fin de l'actualisation des commandes (/) de l'application
[23:43:06] [Application] Le bot est prêt !
[23:43:08] [CommandManager] Hei5enberg#2119 a exécuté la commande "/me"
[23:43:09] [ScoreSaber] Envoi de la requête "https://new.scoresaber.com/api/player/76561198125542519/full"
[23:43:09] [ScoreSaber] Requête envoyée avec succès
[23:43:09] [ScoreSaber] Envoi de la requête "https://new.scoresaber.com/api/player/76561198125542519/scores/top/1"
[23:43:09] [ScoreSaber] Requête envoyée avec succès
[23:44:02] [Application] Démarrage du bot
[23:44:02] [Discord] Initialisation...
[23:44:03] [Discord] Initialisation terminée
[23:44:03] [CommandManager] Commande "/card" trouvée
[23:44:03] [CommandManager] Commande "/forcerefresh" trouvée
[23:44:03] [CommandManager] Commande "/ld" trouvée
[23:44:03] [CommandManager] Commande "/link" trouvée
[23:44:03] [CommandManager] Commande "/locateworld" trouvée
[23:44:03] [CommandManager] Commande "/me" trouvée
[23:44:03] [CommandManager] Commande "/setprofile" trouvée
[23:44:03] [CommandManager] Commande "/top" trouvée
[23:44:03] [CommandManager] Commande "/unlink" trouvée
[23:44:03] [CommandManager] Actualisation des commandes (/) de l'application
[23:44:04] [CommandManager] Fin de l'actualisation des commandes (/) de l'application
[23:44:04] [Application] Le bot est prêt !
[23:44:06] [CommandManager] Hei5enberg#2119 a exécuté la commande "/me"
[23:44:06] [ScoreSaber] Envoi de la requête "https://new.scoresaber.com/api/player/76561198125542519/full"
[23:44:06] [ScoreSaber] Requête envoyée avec succès
[23:44:06] [ScoreSaber] Envoi de la requête "https://new.scoresaber.com/api/player/76561198125542519/scores/top/1"
[23:44:06] [ScoreSaber] Requête envoyée avec succès
[23:44:29] [Application] Démarrage du bot
[23:44:29] [Discord] Initialisation...
[23:44:30] [Discord] Initialisation terminée
[23:44:30] [CommandManager] Commande "/card" trouvée
[23:44:30] [CommandManager] Commande "/forcerefresh" trouvée
[23:44:30] [CommandManager] Commande "/ld" trouvée
[23:44:30] [CommandManager] Commande "/link" trouvée
[23:44:30] [CommandManager] Commande "/locateworld" trouvée
[23:44:30] [CommandManager] Commande "/me" trouvée
[23:44:30] [CommandManager] Commande "/setprofile" trouvée
[23:44:30] [CommandManager] Commande "/top" trouvée
[23:44:30] [CommandManager] Commande "/unlink" trouvée
[23:44:30] [CommandManager] Actualisation des commandes (/) de l'application
[23:44:31] [CommandManager] Fin de l'actualisation des commandes (/) de l'application
[23:44:31] [Application] Le bot est prêt !
[23:44:42] [CommandManager] Hei5enberg#2119 a exécuté la commande "/me"
[23:44:42] [ScoreSaber] Envoi de la requête "https://new.scoresaber.com/api/player/76561198125542519/full"
[23:44:43] [ScoreSaber] Requête envoyée avec succès
[23:44:43] [ScoreSaber] Envoi de la requête "https://new.scoresaber.com/api/player/76561198125542519/scores/top/1"
[23:44:43] [ScoreSaber] Requête envoyée avec succès
[23:45:41] [Application] Démarrage du bot
[23:45:41] [Discord] Initialisation...
[23:45:42] [Discord] Initialisation terminée
[23:45:42] [CommandManager] Commande "/card" trouvée
[23:45:42] [CommandManager] Commande "/forcerefresh" trouvée
[23:45:42] [CommandManager] Commande "/ld" trouvée
[23:45:42] [CommandManager] Commande "/link" trouvée
[23:45:42] [CommandManager] Commande "/locateworld" trouvée
[23:45:42] [CommandManager] Commande "/me" trouvée
[23:45:42] [CommandManager] Commande "/setprofile" trouvée
[23:45:42] [CommandManager] Commande "/top" trouvée
[23:45:42] [CommandManager] Commande "/unlink" trouvée
[23:45:42] [CommandManager] Actualisation des commandes (/) de l'application
[23:45:43] [CommandManager] Fin de l'actualisation des commandes (/) de l'application
[23:45:43] [Application] Le bot est prêt !
[23:45:46] [CommandManager] Hei5enberg#2119 a exécuté la commande "/me"
[23:45:46] [ScoreSaber] Envoi de la requête "https://new.scoresaber.com/api/player/76561198125542519/full"
[23:45:46] [ScoreSaber] Requête envoyée avec succès
[23:45:46] [ScoreSaber] Envoi de la requête "https://new.scoresaber.com/api/player/76561198125542519/scores/top/1"
[23:45:46] [ScoreSaber] Requête envoyée avec succès
[23:46:34] [Application] Démarrage du bot
[23:46:34] [Discord] Initialisation...
[23:46:35] [Discord] Initialisation terminée
[23:46:35] [CommandManager] Commande "/card" trouvée
[23:46:35] [CommandManager] Commande "/forcerefresh" trouvée
[23:46:35] [CommandManager] Commande "/ld" trouvée
[23:46:35] [CommandManager] Commande "/link" trouvée
[23:46:35] [CommandManager] Commande "/locateworld" trouvée
[23:46:35] [CommandManager] Commande "/me" trouvée
[23:46:35] [CommandManager] Commande "/setprofile" trouvée
[23:46:35] [CommandManager] Commande "/top" trouvée
[23:46:35] [CommandManager] Commande "/unlink" trouvée
[23:46:35] [CommandManager] Actualisation des commandes (/) de l'application
[23:46:35] [CommandManager] Fin de l'actualisation des commandes (/) de l'application
[23:46:35] [Application] Le bot est prêt !
[23:46:40] [CommandManager] Hei5enberg#2119 a exécuté la commande "/me"
[23:46:40] [ScoreSaber] Envoi de la requête "https://new.scoresaber.com/api/player/76561198073345392/full"
[23:46:40] [ScoreSaber] Requête envoyée avec succès
[23:46:40] [ScoreSaber] Envoi de la requête "https://new.scoresaber.com/api/player/76561198073345392/scores/top/1"
[23:46:40] [ScoreSaber] Requête envoyée avec succès
[23:47:31] [Application] Démarrage du bot
[23:47:31] [Discord] Initialisation...
[23:47:32] [Discord] Initialisation terminée
[23:47:32] [CommandManager] Commande "/card" trouvée
[23:47:32] [CommandManager] Commande "/forcerefresh" trouvée
[23:47:32] [CommandManager] Commande "/ld" trouvée
[23:47:32] [CommandManager] Commande "/link" trouvée
[23:47:32] [CommandManager] Commande "/locateworld" trouvée
[23:47:32] [CommandManager] Commande "/me" trouvée
[23:47:32] [CommandManager] Commande "/setprofile" trouvée
[23:47:32] [CommandManager] Commande "/top" trouvée
[23:47:32] [CommandManager] Commande "/unlink" trouvée
[23:47:32] [CommandManager] Actualisation des commandes (/) de l'application
[23:47:32] [CommandManager] Fin de l'actualisation des commandes (/) de l'application
[23:47:32] [Application] Le bot est prêt !
[23:47:33] [CommandManager] Hei5enberg#2119 a exécuté la commande "/me"
[23:47:34] [ScoreSaber] Envoi de la requête "https://new.scoresaber.com/api/player/76561198125542519/full"
[23:47:34] [ScoreSaber] Requête envoyée avec succès
[23:47:34] [ScoreSaber] Envoi de la requête "https://new.scoresaber.com/api/player/76561198125542519/scores/top/1"
[23:47:34] [ScoreSaber] Requête envoyée avec succès
[23:48:25] [Application] Démarrage du bot
[23:48:25] [Discord] Initialisation...
[23:48:26] [Discord] Initialisation terminée
[23:48:26] [CommandManager] Commande "/card" trouvée
[23:48:26] [CommandManager] Commande "/forcerefresh" trouvée
[23:48:26] [CommandManager] Commande "/ld" trouvée
[23:48:26] [CommandManager] Commande "/link" trouvée
[23:48:26] [CommandManager] Commande "/locateworld" trouvée
[23:48:26] [CommandManager] Commande "/me" trouvée
[23:48:26] [CommandManager] Commande "/setprofile" trouvée
[23:48:26] [CommandManager] Commande "/top" trouvée
[23:48:26] [CommandManager] Commande "/unlink" trouvée
[23:48:26] [CommandManager] Actualisation des commandes (/) de l'application
[23:48:26] [CommandManager] Fin de l'actualisation des commandes (/) de l'application
[23:48:26] [Application] Le bot est prêt !
[23:48:29] [CommandManager] Hei5enberg#2119 a exécuté la commande "/me"
[23:48:29] [ScoreSaber] Envoi de la requête "https://new.scoresaber.com/api/player/76561198125542519/full"
[23:48:29] [ScoreSaber] Requête envoyée avec succès
[23:48:29] [ScoreSaber] Envoi de la requête "https://new.scoresaber.com/api/player/76561198125542519/scores/top/1"
[23:48:29] [ScoreSaber] Requête envoyée avec succès
[23:51:23] [Application] Démarrage du bot
[23:51:23] [Discord] Initialisation...
[23:51:24] [Discord] Initialisation terminée
[23:51:24] [CommandManager] Commande "/card" trouvée
[23:51:24] [CommandManager] Commande "/forcerefresh" trouvée
[23:51:24] [CommandManager] Commande "/ld" trouvée
[23:51:24] [CommandManager] Commande "/link" trouvée
[23:51:24] [CommandManager] Commande "/locateworld" trouvée
[23:51:24] [CommandManager] Commande "/me" trouvée
[23:51:24] [CommandManager] Commande "/setprofile" trouvée
[23:51:24] [CommandManager] Commande "/top" trouvée
[23:51:24] [CommandManager] Commande "/unlink" trouvée
[23:51:24] [CommandManager] Actualisation des commandes (/) de l'application
[23:51:25] [CommandManager] Fin de l'actualisation des commandes (/) de l'application
[23:51:25] [Application] Le bot est prêt !
[23:51:27] [CommandManager] Hei5enberg#2119 a exécuté la commande "/me"
[23:51:27] [ScoreSaber] Envoi de la requête "https://new.scoresaber.com/api/player/76561198125542519/full"
[23:51:28] [ScoreSaber] Requête envoyée avec succès
[23:51:28] [ScoreSaber] Envoi de la requête "https://new.scoresaber.com/api/player/76561198125542519/scores/top/1"
[23:51:28] [ScoreSaber] Requête envoyée avec succès
[23:52:30] [Application] Démarrage du bot
[23:52:30] [Discord] Initialisation...
[23:52:31] [Discord] Initialisation terminée
[23:52:31] [CommandManager] Commande "/card" trouvée
[23:52:31] [CommandManager] Commande "/forcerefresh" trouvée
[23:52:31] [CommandManager] Commande "/ld" trouvée
[23:52:31] [CommandManager] Commande "/link" trouvée
[23:52:31] [CommandManager] Commande "/locateworld" trouvée
[23:52:31] [CommandManager] Commande "/me" trouvée
[23:52:31] [CommandManager] Commande "/setprofile" trouvée
[23:52:31] [CommandManager] Commande "/top" trouvée
[23:52:31] [CommandManager] Commande "/unlink" trouvée
[23:52:31] [CommandManager] Actualisation des commandes (/) de l'application
[23:52:32] [CommandManager] Fin de l'actualisation des commandes (/) de l'application
[23:52:32] [Application] Le bot est prêt !
[23:52:38] [CommandManager] Hei5enberg#2119 a exécuté la commande "/me"
[23:52:38] [ScoreSaber] Envoi de la requête "https://new.scoresaber.com/api/player/76561198125542519/full"
[23:52:38] [ScoreSaber] Requête envoyée avec succès
[23:52:38] [ScoreSaber] Envoi de la requête "https://new.scoresaber.com/api/player/76561198125542519/scores/top/1"
[23:52:39] [ScoreSaber] Requête envoyée avec succès
[23:53:51] [Application] Démarrage du bot
[23:53:51] [Discord] Initialisation...
[23:53:52] [Discord] Initialisation terminée
[23:53:52] [CommandManager] Commande "/card" trouvée
[23:53:52] [CommandManager] Commande "/forcerefresh" trouvée
[23:53:52] [CommandManager] Commande "/ld" trouvée
[23:53:52] [CommandManager] Commande "/link" trouvée
[23:53:52] [CommandManager] Commande "/locateworld" trouvée
[23:53:52] [CommandManager] Commande "/me" trouvée
[23:53:52] [CommandManager] Commande "/setprofile" trouvée
[23:53:52] [CommandManager] Commande "/top" trouvée
[23:53:52] [CommandManager] Commande "/unlink" trouvée
[23:53:52] [CommandManager] Actualisation des commandes (/) de l'application
[23:53:52] [CommandManager] Fin de l'actualisation des commandes (/) de l'application
[23:53:52] [Application] Le bot est prêt !
[23:53:54] [CommandManager] Hei5enberg#2119 a exécuté la commande "/me"
[23:53:55] [ScoreSaber] Envoi de la requête "https://new.scoresaber.com/api/player/76561198125542519/full"
[23:53:55] [ScoreSaber] Requête envoyée avec succès
[23:53:55] [ScoreSaber] Envoi de la requête "https://new.scoresaber.com/api/player/76561198125542519/scores/top/1"
[23:53:55] [ScoreSaber] Requête envoyée avec succès
[23:54:14] [Application] Démarrage du bot
[23:54:14] [Discord] Initialisation...
[23:54:15] [Discord] Initialisation terminée
[23:54:15] [CommandManager] Commande "/card" trouvée
[23:54:15] [CommandManager] Commande "/forcerefresh" trouvée
[23:54:15] [CommandManager] Commande "/ld" trouvée
[23:54:15] [CommandManager] Commande "/link" trouvée
[23:54:15] [CommandManager] Commande "/locateworld" trouvée
[23:54:15] [CommandManager] Commande "/me" trouvée
[23:54:15] [CommandManager] Commande "/setprofile" trouvée
[23:54:15] [CommandManager] Commande "/top" trouvée
[23:54:15] [CommandManager] Commande "/unlink" trouvée
[23:54:15] [CommandManager] Actualisation des commandes (/) de l'application
[23:54:15] [CommandManager] Fin de l'actualisation des commandes (/) de l'application
[23:54:15] [Application] Le bot est prêt !
[23:54:18] [CommandManager] Hei5enberg#2119 a exécuté la commande "/me"
[23:54:18] [ScoreSaber] Envoi de la requête "https://new.scoresaber.com/api/player/76561198125542519/full"
[23:54:18] [ScoreSaber] Requête envoyée avec succès
[23:54:18] [ScoreSaber] Envoi de la requête "https://new.scoresaber.com/api/player/76561198125542519/scores/top/1"
[23:54:19] [ScoreSaber] Requête envoyée avec succès
[23:55:29] [Application] Démarrage du bot
[23:55:29] [Discord] Initialisation...
[23:55:30] [Discord] Initialisation terminée
[23:55:30] [CommandManager] Commande "/card" trouvée
[23:55:30] [CommandManager] Commande "/forcerefresh" trouvée
[23:55:30] [CommandManager] Commande "/ld" trouvée
[23:55:30] [CommandManager] Commande "/link" trouvée
[23:55:30] [CommandManager] Commande "/locateworld" trouvée
[23:55:30] [CommandManager] Commande "/me" trouvée
[23:55:30] [CommandManager] Commande "/setprofile" trouvée
[23:55:30] [CommandManager] Commande "/top" trouvée
[23:55:30] [CommandManager] Commande "/unlink" trouvée
[23:55:30] [CommandManager] Actualisation des commandes (/) de l'application
[23:55:30] [CommandManager] Fin de l'actualisation des commandes (/) de l'application
[23:55:30] [Application] Le bot est prêt !
[23:55:35] [CommandManager] Hei5enberg#2119 a exécuté la commande "/me"
[23:55:35] [ScoreSaber] Envoi de la requête "https://new.scoresaber.com/api/player/76561198125542519/full"
[23:55:35] [ScoreSaber] Requête envoyée avec succès
[23:55:35] [ScoreSaber] Envoi de la requête "https://new.scoresaber.com/api/player/76561198125542519/scores/top/1"
[23:55:35] [ScoreSaber] Requête envoyée avec succès
